c:\users\natal\onedrive - universidad de los andes\documents\ultrasound-star\software\sdk\dscam\star_ultrasound\ultrasound_project_folder\sample\debug\sample.pch
c:\users\natal\onedrive - universidad de los andes\documents\ultrasound-star\software\sdk\dscam\star_ultrasound\ultrasound_project_folder\sample\debug\vc141.pdb
c:\users\natal\onedrive - universidad de los andes\documents\ultrasound-star\software\sdk\dscam\star_ultrasound\ultrasound_project_folder\sample\debug\vc141.idb
c:\users\natal\onedrive - universidad de los andes\documents\ultrasound-star\software\sdk\dscam\star_ultrasound\ultrasound_project_folder\sample\debug\stdafx.obj
c:\users\natal\onedrive - universidad de los andes\documents\ultrasound-star\software\sdk\dscam\star_ultrasound\ultrasound_project_folder\sample\debug\dibsectn.obj
c:\users\natal\onedrive - universidad de los andes\documents\ultrasound-star\software\sdk\dscam\star_ultrasound\ultrasound_project_folder\sample\debug\sample.obj
c:\users\natal\onedrive - universidad de los andes\documents\ultrasound-star\software\sdk\dscam\star_ultrasound\ultrasound_project_folder\sample\debug\sampledlg.obj
c:\users\natal\onedrive - universidad de los andes\documents\ultrasound-star\software\sdk\dscam\star_ultrasound\ultrasound_project_folder\sample\debug\usgfw2_i.obj
c:\users\natal\onedrive - universidad de los andes\documents\ultrasound-star\software\sdk\dscam\star_ultrasound\ultrasound_project_folder\debug\sample.ilk
c:\users\natal\onedrive - universidad de los andes\documents\ultrasound-star\software\sdk\dscam\star_ultrasound\ultrasound_project_folder\debug\sample.exe
c:\users\natal\onedrive - universidad de los andes\documents\ultrasound-star\software\sdk\dscam\star_ultrasound\ultrasound_project_folder\debug\sample.pdb
c:\users\natal\onedrive - universidad de los andes\documents\ultrasound-star\software\sdk\dscam\star_ultrasound\ultrasound_project_folder\sample\debug\sample.tlb
c:\users\natal\onedrive - universidad de los andes\documents\ultrasound-star\software\sdk\dscam\star_ultrasound\ultrasound_project_folder\sample\usgfw2_p.c
c:\users\natal\onedrive - universidad de los andes\documents\ultrasound-star\software\sdk\dscam\star_ultrasound\ultrasound_project_folder\sample\usgfw2_i.c
c:\users\natal\onedrive - universidad de los andes\documents\ultrasound-star\software\sdk\dscam\star_ultrasound\ultrasound_project_folder\sample\usgfw2_h.h
c:\users\natal\onedrive - universidad de los andes\documents\ultrasound-star\software\sdk\dscam\star_ultrasound\ultrasound_project_folder\sample\debug\sample.res
c:\users\natal\onedrive - universidad de los andes\documents\ultrasound-star\software\sdk\dscam\star_ultrasound\ultrasound_project_folder\sample\debug\sample.tlog\cl.command.1.tlog
c:\users\natal\onedrive - universidad de los andes\documents\ultrasound-star\software\sdk\dscam\star_ultrasound\ultrasound_project_folder\sample\debug\sample.tlog\cl.read.1.tlog
c:\users\natal\onedrive - universidad de los andes\documents\ultrasound-star\software\sdk\dscam\star_ultrasound\ultrasound_project_folder\sample\debug\sample.tlog\cl.write.1.tlog
c:\users\natal\onedrive - universidad de los andes\documents\ultrasound-star\software\sdk\dscam\star_ultrasound\ultrasound_project_folder\sample\debug\sample.tlog\link.command.1.tlog
c:\users\natal\onedrive - universidad de los andes\documents\ultrasound-star\software\sdk\dscam\star_ultrasound\ultrasound_project_folder\sample\debug\sample.tlog\link.read.1.tlog
c:\users\natal\onedrive - universidad de los andes\documents\ultrasound-star\software\sdk\dscam\star_ultrasound\ultrasound_project_folder\sample\debug\sample.tlog\link.write.1.tlog
c:\users\natal\onedrive - universidad de los andes\documents\ultrasound-star\software\sdk\dscam\star_ultrasound\ultrasound_project_folder\sample\debug\sample.tlog\midl.command.1.tlog
c:\users\natal\onedrive - universidad de los andes\documents\ultrasound-star\software\sdk\dscam\star_ultrasound\ultrasound_project_folder\sample\debug\sample.tlog\midl.read.1.tlog
c:\users\natal\onedrive - universidad de los andes\documents\ultrasound-star\software\sdk\dscam\star_ultrasound\ultrasound_project_folder\sample\debug\sample.tlog\midl.write.1.tlog
c:\users\natal\onedrive - universidad de los andes\documents\ultrasound-star\software\sdk\dscam\star_ultrasound\ultrasound_project_folder\sample\debug\sample.tlog\rc.command.1.tlog
c:\users\natal\onedrive - universidad de los andes\documents\ultrasound-star\software\sdk\dscam\star_ultrasound\ultrasound_project_folder\sample\debug\sample.tlog\rc.read.1.tlog
c:\users\natal\onedrive - universidad de los andes\documents\ultrasound-star\software\sdk\dscam\star_ultrasound\ultrasound_project_folder\sample\debug\sample.tlog\rc.write.1.tlog
