c:\users\natal\onedrive - universidad de los andes\documents\ultrasound-star\software\sdk\dscam\star_ultrasound\ultrasound_project_folder\debug\cam.lib
c:\users\natal\onedrive - universidad de los andes\documents\ultrasound-star\software\sdk\dscam\star_ultrasound\ultrasound_project_folder\debug\cam.exp
c:\users\natal\onedrive - universidad de los andes\documents\ultrasound-star\software\sdk\dscam\star_ultrasound\ultrasound_project_folder\debug\vc141.pdb
c:\users\natal\onedrive - universidad de los andes\documents\ultrasound-star\software\sdk\dscam\star_ultrasound\ultrasound_project_folder\debug\vc141.idb
c:\users\natal\onedrive - universidad de los andes\documents\ultrasound-star\software\sdk\dscam\star_ultrasound\ultrasound_project_folder\debug\bitmapsender.obj
c:\users\natal\onedrive - universidad de los andes\documents\ultrasound-star\software\sdk\dscam\star_ultrasound\ultrasound_project_folder\debug\dibhelper.obj
c:\users\natal\onedrive - universidad de los andes\documents\ultrasound-star\software\sdk\dscam\star_ultrasound\ultrasound_project_folder\debug\filters.obj
c:\users\natal\onedrive - universidad de los andes\documents\ultrasound-star\software\sdk\dscam\star_ultrasound\ultrasound_project_folder\debug\dll.obj
c:\users\natal\onedrive - universidad de los andes\documents\ultrasound-star\software\sdk\dscam\star_ultrasound\ultrasound_project_folder\debug\cam.ilk
c:\users\natal\onedrive - universidad de los andes\documents\ultrasound-star\software\sdk\dscam\star_ultrasound\ultrasound_project_folder\debug\cam.dll
c:\users\natal\onedrive - universidad de los andes\documents\ultrasound-star\software\sdk\dscam\star_ultrasound\ultrasound_project_folder\debug\cam.pdb
c:\users\natal\onedrive - universidad de los andes\documents\ultrasound-star\software\sdk\dscam\star_ultrasound\ultrasound_project_folder\debug\sample.ilk
c:\users\natal\onedrive - universidad de los andes\documents\ultrasound-star\software\sdk\dscam\star_ultrasound\ultrasound_project_folder\debug\sample.pdb
c:\users\natal\onedrive - universidad de los andes\documents\ultrasound-star\software\sdk\dscam\star_ultrasound\ultrasound_project_folder\debug\cam.tlog\cam.write.1u.tlog
c:\users\natal\onedrive - universidad de los andes\documents\ultrasound-star\software\sdk\dscam\star_ultrasound\ultrasound_project_folder\debug\cam.tlog\cl.command.1.tlog
c:\users\natal\onedrive - universidad de los andes\documents\ultrasound-star\software\sdk\dscam\star_ultrasound\ultrasound_project_folder\debug\cam.tlog\cl.read.1.tlog
c:\users\natal\onedrive - universidad de los andes\documents\ultrasound-star\software\sdk\dscam\star_ultrasound\ultrasound_project_folder\debug\cam.tlog\cl.write.1.tlog
c:\users\natal\onedrive - universidad de los andes\documents\ultrasound-star\software\sdk\dscam\star_ultrasound\ultrasound_project_folder\debug\cam.tlog\link.command.1.tlog
c:\users\natal\onedrive - universidad de los andes\documents\ultrasound-star\software\sdk\dscam\star_ultrasound\ultrasound_project_folder\debug\cam.tlog\link.read.1.tlog
c:\users\natal\onedrive - universidad de los andes\documents\ultrasound-star\software\sdk\dscam\star_ultrasound\ultrasound_project_folder\debug\cam.tlog\link.write.1.tlog
