c:\users\natal\onedrive - universidad de los andes\documents\ultrasound-star\software\sdk\dscam\star_ultrasound\folder\sample\release\sample.pch
c:\users\natal\onedrive - universidad de los andes\documents\ultrasound-star\software\sdk\dscam\star_ultrasound\folder\sample\release\vc141.pdb
c:\users\natal\onedrive - universidad de los andes\documents\ultrasound-star\software\sdk\dscam\star_ultrasound\folder\sample\release\stdafx.obj
c:\users\natal\onedrive - universidad de los andes\documents\ultrasound-star\software\sdk\dscam\star_ultrasound\folder\sample\release\sampledlg.obj
c:\users\natal\onedrive - universidad de los andes\documents\ultrasound-star\software\sdk\dscam\star_ultrasound\folder\sample\release\sample.obj
c:\users\natal\onedrive - universidad de los andes\documents\ultrasound-star\software\sdk\dscam\star_ultrasound\folder\sample\release\dibsectn.obj
c:\users\natal\onedrive - universidad de los andes\documents\ultrasound-star\software\sdk\dscam\star_ultrasound\folder\sample\release\usgfw2_i.obj
c:\users\natal\onedrive - universidad de los andes\documents\ultrasound-star\software\sdk\dscam\star_ultrasound\folder\release\sample.exe
c:\users\natal\onedrive - universidad de los andes\documents\ultrasound-star\software\sdk\dscam\star_ultrasound\folder\release\sample.pdb
c:\users\natal\onedrive - universidad de los andes\documents\ultrasound-star\software\sdk\dscam\star_ultrasound\folder\sample\release\sample.tlb
c:\users\natal\onedrive - universidad de los andes\documents\ultrasound-star\software\sdk\dscam\star_ultrasound\folder\sample\usgfw2_p.c
c:\users\natal\onedrive - universidad de los andes\documents\ultrasound-star\software\sdk\dscam\star_ultrasound\folder\sample\usgfw2_i.c
c:\users\natal\onedrive - universidad de los andes\documents\ultrasound-star\software\sdk\dscam\star_ultrasound\folder\sample\usgfw2_h.h
c:\users\natal\onedrive - universidad de los andes\documents\ultrasound-star\software\sdk\dscam\star_ultrasound\folder\sample\release\sample.res
c:\users\natal\onedrive - universidad de los andes\documents\ultrasound-star\software\sdk\dscam\star_ultrasound\folder\release\sample.ipdb
c:\users\natal\onedrive - universidad de los andes\documents\ultrasound-star\software\sdk\dscam\star_ultrasound\folder\release\sample.iobj
c:\users\natal\onedrive - universidad de los andes\documents\ultrasound-star\software\sdk\dscam\star_ultrasound\folder\sample\release\sample.tlog\cl.command.1.tlog
c:\users\natal\onedrive - universidad de los andes\documents\ultrasound-star\software\sdk\dscam\star_ultrasound\folder\sample\release\sample.tlog\cl.read.1.tlog
c:\users\natal\onedrive - universidad de los andes\documents\ultrasound-star\software\sdk\dscam\star_ultrasound\folder\sample\release\sample.tlog\cl.write.1.tlog
c:\users\natal\onedrive - universidad de los andes\documents\ultrasound-star\software\sdk\dscam\star_ultrasound\folder\sample\release\sample.tlog\link.command.1.tlog
c:\users\natal\onedrive - universidad de los andes\documents\ultrasound-star\software\sdk\dscam\star_ultrasound\folder\sample\release\sample.tlog\link.read.1.tlog
c:\users\natal\onedrive - universidad de los andes\documents\ultrasound-star\software\sdk\dscam\star_ultrasound\folder\sample\release\sample.tlog\link.write.1.tlog
c:\users\natal\onedrive - universidad de los andes\documents\ultrasound-star\software\sdk\dscam\star_ultrasound\folder\sample\release\sample.tlog\midl.command.1.tlog
c:\users\natal\onedrive - universidad de los andes\documents\ultrasound-star\software\sdk\dscam\star_ultrasound\folder\sample\release\sample.tlog\midl.read.1.tlog
c:\users\natal\onedrive - universidad de los andes\documents\ultrasound-star\software\sdk\dscam\star_ultrasound\folder\sample\release\sample.tlog\midl.write.1.tlog
c:\users\natal\onedrive - universidad de los andes\documents\ultrasound-star\software\sdk\dscam\star_ultrasound\folder\sample\release\sample.tlog\rc.command.1.tlog
c:\users\natal\onedrive - universidad de los andes\documents\ultrasound-star\software\sdk\dscam\star_ultrasound\folder\sample\release\sample.tlog\rc.read.1.tlog
c:\users\natal\onedrive - universidad de los andes\documents\ultrasound-star\software\sdk\dscam\star_ultrasound\folder\sample\release\sample.tlog\rc.write.1.tlog
c:\users\natal\onedrive - universidad de los andes\documents\ultrasound-star\software\sdk\dscam\star_ultrasound\folder\sample\release\sample.tlog\sample.write.1u.tlog
